0 info it worked if it ends with ok
1 verbose cli [ 'C:\\Program Files\\nodejs\\node.exe',
1 verbose cli   'C:\\Program Files\\nodejs\\node_modules\\npm\\bin\\npm-cli.js',
1 verbose cli   'install',
1 verbose cli   '–g',
1 verbose cli   'node-sass' ]
2 info using npm@2.14.7
3 info using node@v4.2.2
4 verbose install initial load of C:\Users\anton.kostiuchkov\Documents\github\excercise_js\package.json
5 verbose readDependencies loading dependencies from C:\Users\anton.kostiuchkov\Documents\github\excercise_js\package.json
6 silly cache add args [ '–g', null ]
7 verbose cache add spec –g
8 silly cache add args [ 'node-sass', null ]
9 verbose cache add spec node-sass
10 silly cache add parsed spec Result {
10 silly cache add   raw: '–g',
10 silly cache add   scope: null,
10 silly cache add   name: null,
10 silly cache add   rawSpec: '–g',
10 silly cache add   spec: 'C:\\Users\\anton.kostiuchkov\\Documents\\github\\excercise_js\\–g',
10 silly cache add   type: 'local' }
11 silly cache add parsed spec Result {
11 silly cache add   raw: 'node-sass',
11 silly cache add   scope: null,
11 silly cache add   name: 'node-sass',
11 silly cache add   rawSpec: '',
11 silly cache add   spec: '*',
11 silly cache add   type: 'range' }
12 silly addNamed node-sass@*
13 verbose addNamed "*" is a valid semver range for node-sass
14 silly addNameRange { name: 'node-sass', range: '*', hasData: false }
15 silly mapToRegistry name node-sass
16 silly mapToRegistry using default registry
17 silly mapToRegistry registry https://registry.npmjs.org/
18 silly mapToRegistry uri https://registry.npmjs.org/node-sass
19 verbose addNameRange registry:https://registry.npmjs.org/node-sass not in flight; fetching
20 error addLocal Could not install C:\Users\anton.kostiuchkov\Documents\github\excercise_js\–g
21 verbose request uri https://registry.npmjs.org/node-sass
22 verbose request no auth needed
23 info attempt registry request try #1 at 9:41:47 AM
24 verbose request id e7cdccca50b3ec11
25 verbose etag "2O8XDAL9QZ5Y78ND60JKKU30Q"
26 http request GET https://registry.npmjs.org/node-sass
27 http 400 https://registry.npmjs.org/node-sass
28 verbose headers {}
29 silly get cb [ 304, undefined ]
30 verbose etag https://registry.npmjs.org/node-sass from cache
31 verbose get saving node-sass to C:\Users\anton.kostiuchkov\AppData\Roaming\npm-cache\registry.npmjs.org\node-sass\.cache.json
32 silly addNameRange number 2 { name: 'node-sass', range: '*', hasData: true }
33 silly addNameRange versions [ 'node-sass',
33 silly addNameRange   [ '0.2.0',
33 silly addNameRange     '0.2.1',
33 silly addNameRange     '0.2.2',
33 silly addNameRange     '0.2.3',
33 silly addNameRange     '0.2.4',
33 silly addNameRange     '0.2.5',
33 silly addNameRange     '0.2.6',
33 silly addNameRange     '0.3.0',
33 silly addNameRange     '0.4.0',
33 silly addNameRange     '0.4.1',
33 silly addNameRange     '0.4.2',
33 silly addNameRange     '0.4.3',
33 silly addNameRange     '0.4.4',
33 silly addNameRange     '0.5.0',
33 silly addNameRange     '0.5.1',
33 silly addNameRange     '0.5.2',
33 silly addNameRange     '0.5.3',
33 silly addNameRange     '0.5.4',
33 silly addNameRange     '0.6.0',
33 silly addNameRange     '0.6.1',
33 silly addNameRange     '0.6.2',
33 silly addNameRange     '0.6.3',
33 silly addNameRange     '0.6.4',
33 silly addNameRange     '0.6.5',
33 silly addNameRange     '0.6.6',
33 silly addNameRange     '0.6.7',
33 silly addNameRange     '0.7.0-alpha',
33 silly addNameRange     '0.7.0',
33 silly addNameRange     '0.8.0',
33 silly addNameRange     '0.8.1',
33 silly addNameRange     '0.8.2',
33 silly addNameRange     '0.8.3',
33 silly addNameRange     '0.8.4',
33 silly addNameRange     '0.8.5',
33 silly addNameRange     '0.8.6',
33 silly addNameRange     '0.9.0',
33 silly addNameRange     '0.9.1',
33 silly addNameRange     '0.9.2',
33 silly addNameRange     '0.9.3',
33 silly addNameRange     '0.9.4-rc1',
33 silly addNameRange     '0.9.4',
33 silly addNameRange     '0.9.5-rc1',
33 silly addNameRange     '0.9.5',
33 silly addNameRange     '0.9.6',
33 silly addNameRange     '1.0.0',
33 silly addNameRange     '1.0.1',
33 silly addNameRange     '1.0.2-alpha',
33 silly addNameRange     '1.0.2',
33 silly addNameRange     '1.0.3',
33 silly addNameRange     '1.1.0',
33 silly addNameRange     '1.1.1',
33 silly addNameRange     '1.1.2',
33 silly addNameRange     '1.1.3',
33 silly addNameRange     '1.1.4',
33 silly addNameRange     '1.2.0',
33 silly addNameRange     '1.2.1',
33 silly addNameRange     '1.2.2',
33 silly addNameRange     '1.2.3',
33 silly addNameRange     '2.0.0-beta',
33 silly addNameRange     '2.0.0',
33 silly addNameRange     '2.0.1',
33 silly addNameRange     '3.0.0-alpha.0',
33 silly addNameRange     '3.0.0-beta.2',
33 silly addNameRange     '3.0.0-beta.3',
33 silly addNameRange     '3.0.0-beta.4',
33 silly addNameRange     '2.1.0',
33 silly addNameRange     '2.1.1',
33 silly addNameRange     '3.0.0-beta.5',
33 silly addNameRange     '3.0.0-beta.7',
33 silly addNameRange     '3.0.0',
33 silly addNameRange     '3.1.0',
33 silly addNameRange     '3.1.1',
33 silly addNameRange     '3.1.2',
33 silly addNameRange     '3.2.0',
33 silly addNameRange     '3.3.0',
33 silly addNameRange     '3.3.1',
33 silly addNameRange     '3.3.2',
33 silly addNameRange     '3.3.3',
33 silly addNameRange     '3.4.0-beta1',
33 silly addNameRange     '3.4.0-beta.2',
33 silly addNameRange     '3.4.0',
33 silly addNameRange     '3.4.1',
33 silly addNameRange     '3.4.2',
33 silly addNameRange     '3.5.0-beta.1' ] ]
34 silly addNamed node-sass@3.4.2
35 verbose addNamed "3.4.2" is a plain semver version for node-sass
36 silly cache afterAdd node-sass@3.4.2
37 verbose afterAdd C:\Users\anton.kostiuchkov\AppData\Roaming\npm-cache\node-sass\3.4.2\package\package.json not in flight; writing
38 verbose afterAdd C:\Users\anton.kostiuchkov\AppData\Roaming\npm-cache\node-sass\3.4.2\package\package.json written
39 verbose stack Error: ENOENT: no such file or directory, open 'C:\Users\anton.kostiuchkov\Documents\github\excercise_js\–g'
39 verbose stack     at Error (native)
40 verbose cwd C:\Users\anton.kostiuchkov\Documents\github\excercise_js
41 error Windows_NT 6.1.7601
42 error argv "C:\\Program Files\\nodejs\\node.exe" "C:\\Program Files\\nodejs\\node_modules\\npm\\bin\\npm-cli.js" "install" "–g" "node-sass"
43 error node v4.2.2
44 error npm  v2.14.7
45 error path C:\Users\anton.kostiuchkov\Documents\github\excercise_js\–g
46 error code ENOENT
47 error errno -4058
48 error syscall open
49 error enoent ENOENT: no such file or directory, open 'C:\Users\anton.kostiuchkov\Documents\github\excercise_js\–g'
49 error enoent This is most likely not a problem with npm itself
49 error enoent and is related to npm not being able to find a file.
50 verbose exit [ -4058, true ]
