0 info it worked if it ends with ok
1 verbose cli [ 'C:\\Program Files\\nodejs\\node.exe',
1 verbose cli   'C:\\Program Files\\nodejs\\node_modules\\npm\\bin\\npm-cli.js',
1 verbose cli   'i',
1 verbose cli   'angular-component-router' ]
2 info using npm@2.14.7
3 info using node@v4.2.2
4 verbose install initial load of C:\Users\anton.kostiuchkov\Documents\github\excercise_js\Angular_1.5\package.json
5 warn package.json Angular_1.5@1.0.0 No description
6 warn package.json Angular_1.5@1.0.0 No repository field.
7 warn package.json Angular_1.5@1.0.0 No README data
8 verbose installManyTop reading scoped package data from C:\Users\anton.kostiuchkov\Documents\github\excercise_js\Angular_1.5\node_modules\angular\package.json
9 verbose readDependencies loading dependencies from C:\Users\anton.kostiuchkov\Documents\github\excercise_js\Angular_1.5\package.json
10 silly cache add args [ 'angular-component-router', null ]
11 verbose cache add spec angular-component-router
12 silly cache add parsed spec Result {
12 silly cache add   raw: 'angular-component-router',
12 silly cache add   scope: null,
12 silly cache add   name: 'angular-component-router',
12 silly cache add   rawSpec: '',
12 silly cache add   spec: '*',
12 silly cache add   type: 'range' }
13 silly addNamed angular-component-router@*
14 verbose addNamed "*" is a valid semver range for angular-component-router
15 silly addNameRange { name: 'angular-component-router', range: '*', hasData: false }
16 silly mapToRegistry name angular-component-router
17 silly mapToRegistry using default registry
18 silly mapToRegistry registry https://registry.npmjs.org/
19 silly mapToRegistry uri https://registry.npmjs.org/angular-component-router
20 verbose addNameRange registry:https://registry.npmjs.org/angular-component-router not in flight; fetching
21 verbose request uri https://registry.npmjs.org/angular-component-router
22 verbose request no auth needed
23 info attempt registry request try #1 at 1:30:11 PM
24 verbose request id 5560d5efcf01086b
25 http request GET https://registry.npmjs.org/angular-component-router
26 http 404 https://registry.npmjs.org/angular-component-router
27 verbose headers { 'content-type': 'application/json',
27 verbose headers   'cache-control': 'max-age=0',
27 verbose headers   'content-length': '2',
27 verbose headers   'accept-ranges': 'bytes',
27 verbose headers   date: 'Thu, 05 May 2016 11:30:12 GMT',
27 verbose headers   via: '1.1 varnish',
27 verbose headers   age: '0',
27 verbose headers   connection: 'keep-alive',
27 verbose headers   'x-served-by': 'cache-ams4135-AMS',
27 verbose headers   'x-cache': 'MISS',
27 verbose headers   'x-cache-hits': '0',
27 verbose headers   'x-timer': 'S1462447812.301740,VS0,VE377',
27 verbose headers   vary: 'Accept-Encoding' }
28 silly get cb [ 404,
28 silly get   { 'content-type': 'application/json',
28 silly get     'cache-control': 'max-age=0',
28 silly get     'content-length': '2',
28 silly get     'accept-ranges': 'bytes',
28 silly get     date: 'Thu, 05 May 2016 11:30:12 GMT',
28 silly get     via: '1.1 varnish',
28 silly get     age: '0',
28 silly get     connection: 'keep-alive',
28 silly get     'x-served-by': 'cache-ams4135-AMS',
28 silly get     'x-cache': 'MISS',
28 silly get     'x-cache-hits': '0',
28 silly get     'x-timer': 'S1462447812.301740,VS0,VE377',
28 silly get     vary: 'Accept-Encoding' } ]
29 verbose stack Error: Registry returned 404 for GET on https://registry.npmjs.org/angular-component-router
29 verbose stack     at makeError (C:\Program Files\nodejs\node_modules\npm\node_modules\npm-registry-client\lib\request.js:264:12)
29 verbose stack     at CachingRegistryClient.<anonymous> (C:\Program Files\nodejs\node_modules\npm\node_modules\npm-registry-client\lib\request.js:242:14)
29 verbose stack     at Request._callback (C:\Program Files\nodejs\node_modules\npm\node_modules\npm-registry-client\lib\request.js:172:14)
29 verbose stack     at Request.self.callback (C:\Program Files\nodejs\node_modules\npm\node_modules\request\request.js:198:22)
29 verbose stack     at emitTwo (events.js:87:13)
29 verbose stack     at Request.emit (events.js:172:7)
29 verbose stack     at Request.<anonymous> (C:\Program Files\nodejs\node_modules\npm\node_modules\request\request.js:1063:14)
29 verbose stack     at emitOne (events.js:82:20)
29 verbose stack     at Request.emit (events.js:169:7)
29 verbose stack     at IncomingMessage.<anonymous> (C:\Program Files\nodejs\node_modules\npm\node_modules\request\request.js:1009:12)
30 verbose statusCode 404
31 verbose pkgid angular-component-router
32 verbose cwd C:\Users\anton.kostiuchkov\Documents\github\excercise_js\Angular_1.5
33 error Windows_NT 6.1.7601
34 error argv "C:\\Program Files\\nodejs\\node.exe" "C:\\Program Files\\nodejs\\node_modules\\npm\\bin\\npm-cli.js" "i" "angular-component-router"
35 error node v4.2.2
36 error npm  v2.14.7
37 error code E404
38 error 404 Registry returned 404 for GET on https://registry.npmjs.org/angular-component-router
38 error 404
38 error 404 'angular-component-router' is not in the npm registry.
38 error 404 You should bug the author to publish it (or use the name yourself!)
38 error 404 It was specified as a dependency of 'Angular_1.5'
38 error 404
38 error 404 Note that you can also install from a
38 error 404 tarball, folder, http url, or git url.
39 verbose exit [ 1, true ]
